
oct 04, 2024 09:42:29.930 NEW SESSION
oct 04, 2024 09:42:29.930 [2536:9244:1004/094229.927:ERROR:registration_request.cc(291)] Registration response error message: DEPRECATED_ENDPOINT
oct 04, 2024 09:42:31.225 Created TensorFlow Lite XNNPACK delegate for CPU.
oct 04, 2024 09:42:49.618 Attempting to use a delegate that only supports static-sized tensors with a graph that has dynamic-sized tensors (tensor#58 is a dynamic-sized tensor).
oct 04, 2024 09:42:59.692 [2536:9244:1004/094259.691:ERROR:registration_request.cc(291)] Registration response error message: DEPRECATED_ENDPOINT
oct 04, 2024 09:43:53.978 [2536:9244:1004/094353.978:ERROR:registration_request.cc(291)] Registration response error message: DEPRECATED_ENDPOINT
oct 04, 2024 09:45:34.561 [2536:9244:1004/094534.561:ERROR:registration_request.cc(291)] Registration response error message: DEPRECATED_ENDPOINT
oct 04, 2024 09:48:34.14 [2536:9244:1004/094834.014:ERROR:registration_request.cc(291)] Registration response error message: DEPRECATED_ENDPOINT
oct 04, 2024 09:55:30.843 [2536:9244:1004/095530.843:ERROR:registration_request.cc(291)] Registration response error message: DEPRECATED_ENDPOINT
oct 04, 2024 10:36:28.224 Created TensorFlow Lite XNNPACK delegate for CPU.
oct 04, 2024 10:36:47.183 Attempting to use a delegate that only supports static-sized tensors with a graph that has dynamic-sized tensors (tensor#58 is a dynamic-sized tensor).
oct 04, 2024 11:13:11.135 [3272:6364:1004/111311.134:ERROR:device_event_log_impl.cc(201)] [11:13:11.134] USB: usb_service_win.cc:105 SetupDiGetDeviceProperty({{A45C254E-DF1C-4EFD-8020-67D146A850E0}, 6}) failed: No se ha encontrado el elemento. (0x490)

oct 07, 2024 08:56:51.572 NEW SESSION
oct 07, 2024 08:56:51.572 Created TensorFlow Lite XNNPACK delegate for CPU.
oct 07, 2024 08:57:21.98 Attempting to use a delegate that only supports static-sized tensors with a graph that has dynamic-sized tensors (tensor#58 is a dynamic-sized tensor).
oct 07, 2024 09:05:00.401 Created TensorFlow Lite XNNPACK delegate for CPU.
oct 07, 2024 09:05:29.659 Created TensorFlow Lite XNNPACK delegate for CPU.
oct 07, 2024 09:06:02.545 Attempting to use a delegate that only supports static-sized tensors with a graph that has dynamic-sized tensors (tensor#58 is a dynamic-sized tensor).

oct 07, 2024 10:07:26.213 NEW SESSION
oct 07, 2024 10:07:26.213 Created TensorFlow Lite XNNPACK delegate for CPU.
oct 07, 2024 10:07:57.519 Attempting to use a delegate that only supports static-sized tensors with a graph that has dynamic-sized tensors (tensor#58 is a dynamic-sized tensor).
oct 07, 2024 11:18:28.354 [8424:1700:1007/111828.353:ERROR:device_event_log_impl.cc(201)] [11:18:28.353] USB: usb_service_win.cc:105 SetupDiGetDeviceProperty({{A45C254E-DF1C-4EFD-8020-67D146A850E0}, 6}) failed: No se ha encontrado el elemento. (0x490)
oct 07, 2024 16:33:08.887 [8424:1700:1007/163308.886:ERROR:device_event_log_impl.cc(201)] [16:33:08.886] USB: usb_service_win.cc:105 SetupDiGetDeviceProperty({{A45C254E-DF1C-4EFD-8020-67D146A850E0}, 6}) failed: No se ha encontrado el elemento. (0x490)
